<?xml version="1.0" encoding="UTF-8"?>
<testng-results ignored="0" total="3" passed="3" failed="0" skipped="0">
  <reporter-output>
  </reporter-output>
  <suite started-at="2022-03-25T00:10:05 GMT-04:00" name="Default suite" finished-at="2022-03-25T00:10:11 GMT-04:00" duration-ms="5706">
    <groups>
    </groups>
    <test started-at="2022-03-25T00:10:05 GMT-04:00" name="Default test" finished-at="2022-03-25T00:10:11 GMT-04:00" duration-ms="5706">
      <class name="testCases.TC2">
        <test-method signature="systemSetUp()[pri:0, instance:testCases.TC2@4da4253]" started-at="2022-03-25T00:10:05 GMT-04:00" name="systemSetUp" finished-at="2022-03-25T00:10:09 GMT-04:00" duration-ms="4074" status="PASS">
          <reporter-output>
          </reporter-output>
        </test-method> <!-- systemSetUp -->
        <test-method signature="openform()[pri:1, instance:testCases.TC2@4da4253]" started-at="2022-03-25T00:10:09 GMT-04:00" name="openform" finished-at="2022-03-25T00:10:10 GMT-04:00" duration-ms="1514" status="PASS">
          <reporter-output>
          </reporter-output>
        </test-method> <!-- openform -->
        <test-method signature="closure()[pri:2, instance:testCases.TC2@4da4253]" started-at="2022-03-25T00:10:10 GMT-04:00" name="closure" finished-at="2022-03-25T00:10:11 GMT-04:00" duration-ms="74" status="PASS">
          <reporter-output>
          </reporter-output>
        </test-method> <!-- closure -->
      </class> <!-- testCases.TC2 -->
    </test> <!-- Default test -->
  </suite> <!-- Default suite -->
</testng-results>
