<?xml version="1.0" encoding="UTF-8"?>
<!-- Generated by org.testng.reporters.JUnitXMLReporter -->
<testsuite ignored="0" hostname="Padmaja-Inspiron7373-PC" failures="1" tests="1" name="Test" time="15.597" errors="0" timestamp="2022-03-20T13:22:12 GMT-04:00">
  <testcase classname="com.testng.AssertionExample" name="AssertionAPIDemo" time="15.546">
    <failure type="java.lang.AssertionError" message="expected [Padmaja] but found [Content]">
      <![CDATA[java.lang.AssertionError: expected [Padmaja] but found [Content]
at com.testng.AssertionExample.AssertionAPIDemo(AssertionExample.java:43)
at java.base/java.util.ArrayList.forEach(ArrayList.java:1511)
... Removed 33 stack frames]]>
    </failure>
  </testcase> <!-- AssertionAPIDemo -->
</testsuite> <!-- Test -->
