<?xml version="1.0" encoding="UTF-8"?>
<!-- Generated by org.testng.reporters.JUnitXMLReporter -->
<testsuite ignored="0" hostname="Padmaja-Inspiron7373-PC" failures="0" tests="6" name="Positive test case" time="12.366" errors="0" timestamp="2022-02-15T11:54:52 GMT-05:00">
  <testcase classname="module3.Dependency" name="openBrowser" time="1.251"/>
  <testcase classname="module3.Dependency" name="openAUT" time="1.666"/>
  <testcase classname="module3.Dependency" name="signIn" time="1.598"/>
  <testcase classname="module3.Dependency" name="login" time="1.248"/>
  <testcase classname="module3.Dependency" name="logout" time="5.635"/>
  <testcase classname="module3.Dependency" name="quit" time="0.913"/>
</testsuite> <!-- Positive test case -->
