<?xml version="1.0" encoding="UTF-8"?>
<!-- Generated by org.testng.reporters.JUnitXMLReporter -->
<testsuite ignored="0" hostname="Padmaja-Inspiron7373-PC" failures="0" tests="3" name="Default test" time="5.706" errors="0" timestamp="2022-03-25T00:10:11 GMT-04:00">
  <testcase classname="testCases.TC2" name="systemSetUp" time="4.074"/>
  <testcase classname="testCases.TC2" name="openform" time="1.514"/>
  <testcase classname="testCases.TC2" name="closure" time="0.074"/>
</testsuite> <!-- Default test -->
